
ROM used:   1439/8192 (18%)
            1439/8192 (18%) including unused fragments

            1.2 Average locations per line
            13.4 Average locations per statement

RAM used:   24/368 (7%) at main() level
            47/368 (13%) worst case

Stack used: 1 worst case (0 in main + 1 for interrupts)
Stack size: 8

Lines Stmts  %   Files
----- ----- ---  -----
   73    23  21  main.c
  629     0   0  ..\..\..\..\Program Files (x86)\PICC\Devices\16F877.h
  456    84  79  ..\..\..\..\Program Files (x86)\PICC\Drivers\lcd.c
----- -----
 1158   107 Total

Page ROM  %  RAM   Vol Diff  Functions:
---- --- --- ---   --- ----  ----------
0     21   1    1             @delay_ms1
0      8   1    0             @const622
 Inline         3   596  5.9  lcd_read_byte
0      6   0    0    59  4.2  lcd_read_nibble
0     12   1    1   179  3.3  lcd_send_nibble
0     64   4    3   460  4.7  lcd_send_byte
0     69   5    2   667  5.9  lcd_init
0     18   1    4   208  6.3  lcd_gotoxy
0     50   3    1   354  4.7  lcd_putc
0      9   1    0    48  1.1  ADC_Kesmesi
0    182  13    4   586  3.7  MAIN
0      7   0    0             @const659
0     75   5    4             @PSTRINGC7_640
0      8   1    0             @const661
0     31   2    2             @ITOF
0    117   8   13             @MULFF
0    204  14   14             @DIVFF
0      8   1    0             @const670
0     84   6    5             @PSTRINGCN7_640
0    101   7    9             @PRINTF_LU_640
0     11   1    0             @const675
 Inline         5             @FTOSD
0     79   5   13             @DIV3232
0    226  16   13             @PRINTF_L32D_640FPFPF
 Inline         0             @cinit1

Program metrics:
    Functions               9
    Statements              107
    Comments                217
    Volume (V)              4893
    Difficulty (D)          36.5
    Effort to implement (E) 178604
    Time to implement (T)   2 hours, 45 minutes
    Est Delivered Bugs (B)  1
    Cyclomatic Complexity   8
    Maintainability (MI)    146

 Segment     Used  Free
-----------  ----  ----
00000-00003     4  0  
00004-00030    45  0  
00031-007FF  1390  609  
00800-00FFF     0  2048  
01000-017FF     0  2048  
01800-01FFF     0  2048  



